<?xml version="1.0" encoding="UTF-8"?>
<!-- Generated by org.testng.reporters.JUnitReportReporter -->
<testsuite skipped="0" hostname="DESKTOP-G2J1RLB" name="com.testCase.PetCoTest" tests="1" failures="0" timestamp="2020-10-13T15:37:47 IST" time="45.827" errors="0">
  <testcase name="f" time="45.827" classname="com.testCase.PetCoTest"/>
</testsuite> <!-- com.testCase.PetCoTest -->
